<?xml version="1.0" encoding="UTF-8"?>
<!-- Generated by org.testng.reporters.JUnitReportReporter -->
<testsuite hostname="LAPTOP-80V40FTS" failures="0" tests="2" name="TestNg.TestXml" time="0.011" errors="0" timestamp="2021-12-20T14:26:17 IST" skipped="0">
  <testcase classname="TestNg.TestXml" name="test2" time="0.002"/>
  <system-out/>
  <testcase classname="TestNg.TestXml" name="test1" time="0.009"/>
  <system-out/>
</testsuite> <!-- TestNg.TestXml -->
